[2020/07/28 16:56:57] INFO     Loading the dataset ...
[2020/07/28 17:00:42] INFO     Dataset loaded successfully. Duration: 0:03:45.218054
[2020/07/28 17:00:42] INFO     Training starting ...
[2020/07/28 17:09:44] INFO     Training ended. Duration: 0:09:01.472282
[2020/07/28 17:09:45] INFO     Evaluation starting ...
[2020/07/28 17:09:47] INFO     Test loss: 0.17686173612653625
[2020/07/28 17:09:47] INFO     Test accuracy: 0.9341176748275757
[2020/07/28 17:09:48] INFO     Confusion matrix:
[[ 830    4    4    2   12    0    0    6]
 [   1   99    1    0    6    0    2    2]
 [   1    1  963   24   34    0    4   10]
 [   1    0   30 1901    1    0    0    3]
 [  22   10   59    0  584    1    1   41]
 [   0    0    0    0    0   29    0    0]
 [   3    5    2    0    4    0  158    1]
 [   5    1    9    0   23    0    0  200]]
[2020/07/28 17:09:48] INFO     Normalized confusion matrix:
[[0.967 0.005 0.005 0.002 0.014 0.    0.    0.007]
 [0.009 0.892 0.009 0.    0.054 0.    0.018 0.018]
 [0.001 0.001 0.929 0.023 0.033 0.    0.004 0.01 ]
 [0.001 0.    0.015 0.982 0.001 0.    0.    0.002]
 [0.031 0.014 0.082 0.    0.813 0.001 0.001 0.057]
 [0.    0.    0.    0.    0.    1.    0.    0.   ]
 [0.017 0.029 0.012 0.    0.023 0.    0.913 0.006]
 [0.021 0.004 0.038 0.    0.097 0.    0.    0.84 ]]
[2020/07/28 17:09:48] INFO     Evaluation ended. Duration: 0:00:04.399908
[2020/07/28 17:09:48] INFO     Total run time: 0:12:51.094678
