[2020/07/28 13:43:05] INFO     Loading the dataset ...
[2020/07/28 13:46:49] INFO     Dataset loaded successfully. Duration: 0:03:44.596659
[2020/07/28 13:46:50] INFO     Training starting ...
[2020/07/28 13:52:46] INFO     Training ended. Duration: 0:05:57.066601
[2020/07/28 13:52:47] INFO     Evaluation starting ...
[2020/07/28 13:52:48] INFO     Test loss: 0.20857848633007675
[2020/07/28 13:52:48] INFO     Test accuracy: 0.9237254858016968
[2020/07/28 13:52:49] INFO     Confusion matrix:
[[ 829    5    6    0   11    0    2    5]
 [   2  100    0    0    5    0    3    1]
 [   5    0  955   16   36    1   13   11]
 [   0    0   52 1882    1    0    0    1]
 [  23   11   51    1  567    0    4   61]
 [   0    0    0    0    0   29    0    0]
 [   3    0    1    0    3    1  165    0]
 [   6    0   11    1   34    0    2  184]]
[2020/07/28 13:52:49] INFO     Normalized confusion matrix:
[[0.966 0.006 0.007 0.    0.013 0.    0.002 0.006]
 [0.018 0.901 0.    0.    0.045 0.    0.027 0.009]
 [0.005 0.    0.921 0.015 0.035 0.001 0.013 0.011]
 [0.    0.    0.027 0.972 0.001 0.    0.    0.001]
 [0.032 0.015 0.071 0.001 0.79  0.    0.006 0.085]
 [0.    0.    0.    0.    0.    1.    0.    0.   ]
 [0.017 0.    0.006 0.    0.017 0.006 0.954 0.   ]
 [0.025 0.    0.046 0.004 0.143 0.    0.008 0.773]]
[2020/07/28 13:52:49] INFO     Evaluation ended. Duration: 0:00:02.866045
[2020/07/28 13:52:49] INFO     Total run time: 0:09:44.533550
