[2020/07/27 17:05:28] INFO     Loading the dataset ...
[2020/07/27 17:09:11] INFO     Dataset loaded successfully. Duration: 0:03:42.755128
[2020/07/27 17:09:11] INFO     Training starting ...
[2020/07/27 17:16:12] INFO     Training ended. Duration: 0:07:01.044064
[2020/07/27 17:16:12] INFO     Evaluation starting ...
[2020/07/27 17:16:13] INFO     Test loss: 0.2171398961843521
[2020/07/27 17:16:13] INFO     Test accuracy: 0.9198039174079895
[2020/07/27 17:16:15] INFO     Confusion matrix:
[[ 841    2    2    0    9    0    4    0]
 [   2  103    0    0    5    1    0    0]
 [   4    2  936   10   59    4   22    0]
 [   3    0   55 1873    0    0    5    0]
 [  27    4   40    0  575    5   66    1]
 [   3    3    3    0    3  160    0    1]
 [   2    1    9    0   52    0  174    0]
 [   0    0    0    0    0    0    0   29]]
[2020/07/27 17:16:15] INFO     Normalized confusion matrix:
[[0.98 0.   0.   0.   0.01 0.   0.   0.  ]
 [0.02 0.93 0.   0.   0.05 0.01 0.   0.  ]
 [0.   0.   0.9  0.01 0.06 0.   0.02 0.  ]
 [0.   0.   0.03 0.97 0.   0.   0.   0.  ]
 [0.04 0.01 0.06 0.   0.8  0.01 0.09 0.  ]
 [0.02 0.02 0.02 0.   0.02 0.92 0.   0.01]
 [0.01 0.   0.04 0.   0.22 0.   0.73 0.  ]
 [0.   0.   0.   0.   0.   0.   0.   1.  ]]
[2020/07/27 17:16:15] INFO     Evaluation ended. Duration: 0:00:02.852576
[2020/07/27 17:16:15] INFO     Total run time: 0:10:46.656058
